#
# There is insufficient memory for the Java Runtime Environment to continue.
# Native memory allocation (malloc) failed to allocate 1273936 bytes for Chunk::new
# Possible reasons:
#   The system is out of physical RAM or swap space
#   The process is running with CompressedOops enabled, and the Java Heap may be blocking the growth of the native heap
# Possible solutions:
#   Reduce memory load on the system
#   Increase physical memory or swap space
#   Check if swap backing store is full
#   Decrease Java heap size (-Xmx/-Xms)
#   Decrease number of Java threads
#   Decrease Java thread stack sizes (-Xss)
#   Set larger code cache with -XX:ReservedCodeCacheSize=
#   JVM is running with Unscaled Compressed Oops mode in which the Java heap is
#     placed in the first 4GB address space. The Java Heap base address is the
#     maximum limit for the native heap growth. Please use -XX:HeapBaseMinAddress
#     to set the Java Heap base and to place the Java Heap above 4GB virtual address.
# This output file may be truncated or incomplete.
#
#  Out of Memory Error (allocation.cpp:389), pid=7060, tid=0x0000000000003e9c
#
# JRE version: OpenJDK Runtime Environment (8.0_242-b01) (build 1.8.0_242-release-1644-b01)
# Java VM: OpenJDK 64-Bit Server VM (25.242-b01 mixed mode windows-amd64 compressed oops)
# Failed to write core dump. Minidumps are not enabled by default on client versions of Windows
#

---------------  T H R E A D  ---------------

Current thread (0x0000000019c15800):  JavaThread "C2 CompilerThread0" daemon [_thread_in_native, id=16028, stack(0x000000001a4e0000,0x000000001a5e0000)]

Stack: [0x000000001a4e0000,0x000000001a5e0000]
[error occurred during error reporting (printing stack bounds), id 0xc0000005]

Native frames: (J=compiled Java code, j=interpreted, Vv=VM code, C=native code)


Current CompileTask:
C2:   8003 3894   !   4       java.util.jar.Attributes::read (380 bytes)


---------------  P R O C E S S  ---------------

Java Threads: ( => current thread )
  0x000000001f39c000 JavaThread "Cache worker for Build Output Cleanup Cache (C:\xampp\htdocs\webpack-flashcards\android-flashcards\.gradle\buildOutputCleanup)" [_thread_blocked, id=26172, stack(0x0000000025b60000,0x0000000025c60000)]
  0x000000001f39e000 JavaThread "Build operations Thread 8" [_thread_blocked, id=20920, stack(0x0000000025a60000,0x0000000025b60000)]
  0x000000001f39a800 JavaThread "Build operations Thread 7" [_thread_blocked, id=15296, stack(0x0000000025960000,0x0000000025a60000)]
  0x000000001f3a1000 JavaThread "Build operations Thread 6" [_thread_blocked, id=19344, stack(0x0000000024800000,0x0000000024900000)]
  0x000000001f3a0800 JavaThread "Build operations Thread 5" [_thread_blocked, id=25396, stack(0x0000000024700000,0x0000000024800000)]
  0x000000001f39d800 JavaThread "Build operations Thread 4" [_thread_blocked, id=16080, stack(0x0000000023560000,0x0000000023660000)]
  0x000000001f39f800 JavaThread "Build operations Thread 3" [_thread_blocked, id=18392, stack(0x0000000023460000,0x0000000023560000)]
  0x000000001f39b000 JavaThread "Build operations Thread 2" [_thread_blocked, id=23640, stack(0x0000000023360000,0x0000000023460000)]
  0x000000001f39c800 JavaThread "Build operations" [_thread_blocked, id=13220, stack(0x0000000022580000,0x0000000022680000)]
  0x000000001c9b6800 JavaThread "Cache worker for execution history cache (C:\Users\ok\.gradle\caches\6.1.1\executionHistory)" [_thread_blocked, id=15476, stack(0x00000000220e0000,0x00000000221e0000)]
  0x000000001c9b9800 JavaThread "Cache worker for cache directory md-rule (C:\Users\ok\.gradle\caches\6.1.1\md-rule)" [_thread_blocked, id=6572, stack(0x0000000020ea0000,0x0000000020fa0000)]
  0x000000001c9b6000 JavaThread "Cache worker for cache directory md-supplier (C:\Users\ok\.gradle\caches\6.1.1\md-supplier)" [_thread_blocked, id=15828, stack(0x0000000020da0000,0x0000000020ea0000)]
  0x000000001c9bc000 JavaThread "Cache worker for file hash cache (C:\xampp\htdocs\webpack-flashcards\android-flashcards\.gradle\6.1.1\fileHashes)" [_thread_blocked, id=14664, stack(0x0000000022480000,0x0000000022580000)]
  0x000000001c9bb000 JavaThread "Cache worker for checksums cache (C:\xampp\htdocs\webpack-flashcards\android-flashcards\.gradle\checksums)" [_thread_blocked, id=16944, stack(0x0000000021fe0000,0x00000000220e0000)]
  0x000000001c9b5000 JavaThread "Cache worker for file hash cache (C:\Users\ok\.gradle\caches\6.1.1\fileHashes)" [_thread_blocked, id=19304, stack(0x000000001e900000,0x000000001ea00000)]
  0x000000001c9ba800 JavaThread "File lock request listener" [_thread_in_native, id=7264, stack(0x000000001e800000,0x000000001e900000)]
  0x000000001ca14000 JavaThread "Cache worker for journal cache (C:\Users\ok\.gradle\caches\journal-1)" [_thread_blocked, id=25504, stack(0x000000001e700000,0x000000001e800000)]
  0x000000001c857000 JavaThread "Thread-9" [_thread_blocked, id=20996, stack(0x000000001e400000,0x000000001e500000)]
  0x000000001c854800 JavaThread "Stdin handler" [_thread_blocked, id=14220, stack(0x000000001e300000,0x000000001e400000)]
  0x000000001c853800 JavaThread "Asynchronous log dispatcher for DefaultDaemonConnection: socket connection from /127.0.0.1:51300 to /127.0.0.1:51301" [_thread_blocked, id=6624, stack(0x000000001e200000,0x000000001e300000)]
  0x000000001c8c1000 JavaThread "Daemon worker" [_thread_in_vm, id=8716, stack(0x000000001e100000,0x000000001e200000)]
  0x000000001c841800 JavaThread "Cancel handler" [_thread_blocked, id=3084, stack(0x000000001e000000,0x000000001e100000)]
  0x000000001c7ca000 JavaThread "Handler for socket connection from /127.0.0.1:51300 to /127.0.0.1:51301" [_thread_in_native, id=20148, stack(0x000000001dd00000,0x000000001de00000)]
  0x000000001c798000 JavaThread "Daemon" [_thread_blocked, id=8424, stack(0x000000001dc00000,0x000000001dd00000)]
  0x000000001c82b800 JavaThread "Daemon periodic checks" [_thread_blocked, id=22072, stack(0x000000001db00000,0x000000001dc00000)]
  0x000000001c795000 JavaThread "Incoming local TCP Connector on port 51300" [_thread_in_native, id=12312, stack(0x000000001d8c0000,0x000000001d9c0000)]
  0x000000001c6ef800 JavaThread "Daemon health stats" [_thread_blocked, id=12656, stack(0x000000001d280000,0x000000001d380000)]
  0x0000000019ca6800 JavaThread "Service Thread" daemon [_thread_blocked, id=21084, stack(0x000000001a8e0000,0x000000001a9e0000)]
  0x0000000019c21800 JavaThread "C1 CompilerThread3" daemon [_thread_blocked, id=13400, stack(0x000000001a7e0000,0x000000001a8e0000)]
  0x0000000019c1a800 JavaThread "C2 CompilerThread2" daemon [_thread_in_native, id=13448, stack(0x000000001a6e0000,0x000000001a7e0000)]
  0x0000000017e0d000 JavaThread "C2 CompilerThread1" daemon [_thread_in_native, id=6648, stack(0x000000001a5e0000,0x000000001a6e0000)]
=>0x0000000019c15800 JavaThread "C2 CompilerThread0" daemon [_thread_in_native, id=16028, stack(0x000000001a4e0000,0x000000001a5e0000)]
  0x0000000019c14000 JavaThread "Attach Listener" daemon [_thread_blocked, id=11616, stack(0x000000001a3e0000,0x000000001a4e0000)]
  0x0000000019c13000 JavaThread "Signal Dispatcher" daemon [_thread_blocked, id=1308, stack(0x000000001a2e0000,0x000000001a3e0000)]
  0x0000000019c01800 JavaThread "Finalizer" daemon [_thread_blocked, id=23600, stack(0x000000001a0e0000,0x000000001a1e0000)]
  0x0000000019c00800 JavaThread "Reference Handler" daemon [_thread_blocked, id=16120, stack(0x0000000019fe0000,0x000000001a0e0000)]
  0x0000000002c8d800 JavaThread "main" [_thread_blocked, id=7616, stack(0x0000000002ae0000,0x0000000002be0000)]

Other Threads:
  0x0000000017df8000 VMThread [stack: 0x0000000019ae0000,0x0000000019be0000] [id=13060]
  0x0000000019ca7800 WatcherThread [stack: 0x000000001a9e0000,0x000000001aae0000] [id=20812]

VM state:not at safepoint (normal execution)

VM Mutex/Monitor currently owned by a thread: None

heap address: 0x0000000080000000, size: 2048 MB, Compressed Oops mode: 32-bit
Narrow klass base: 0x0000000000000000, Narrow klass shift: 3
Compressed class space size: 1073741824 Address: 0x0000000100000000

Heap:
 PSYoungGen      total 176640K, used 24258K [0x00000000d5580000, 0x00000000e2100000, 0x0000000100000000)
  eden space 164864K, 7% used [0x00000000d5580000,0x00000000d61b1540,0x00000000df680000)
  from space 11776K, 99% used [0x00000000e1580000,0x00000000e20ff478,0x00000000e2100000)
  to   space 13824K, 0% used [0x00000000e0600000,0x00000000e0600000,0x00000000e1380000)
 ParOldGen       total 140800K, used 18504K [0x0000000080000000, 0x0000000088980000, 0x00000000d5580000)
  object space 140800K, 13% used [0x0000000080000000,0x0000000081212348,0x0000000088980000)
 Metaspace       used 44725K, capacity 46138K, committed 46376K, reserved 1089536K
  class space    used 6058K, capacity 6409K, committed 6448K, reserved 1048576K

Card table byte_map: [0x0000000012150000,0x0000000012560000] byte_map_base: 0x0000000011d50000

Marking Bits: (ParMarkBitMap*) 0x0000000068cff030
 Begin Bits: [0x0000000013010000, 0x0000000015010000)
 End Bits:   [0x0000000015010000, 0x0000000017010000)

Polling page: 0x0000000002a00000

CodeCache: size=245760Kb used=12745Kb max_used=13696Kb free=233014Kb
 bounds [0x0000000002d90000, 0x0000000003b00000, 0x0000000011d90000]
 total_blobs=4501 nmethods=3758 adapters=655
 compilation: enabled

Compilation events (10 events):
Event: 7.994 Thread 0x0000000019c1a800 4003       4       org.objectweb.asm.SymbolTable::addConstantUtf8 (98 bytes)
Event: 7.995 Thread 0x0000000019c21800 nmethod 4005 0x0000000002fcd610 code [0x0000000002fcd980, 0x0000000002fcf8d8]
Event: 7.996 Thread 0x0000000019c21800 4006       3       java.lang.reflect.WeakCache$CacheKey::valueOf (20 bytes)
Event: 7.996 Thread 0x0000000019c21800 nmethod 4006 0x0000000002f31490 code [0x0000000002f31620, 0x0000000002f31a88]
Event: 7.996 Thread 0x0000000019c21800 4007       3       java.lang.reflect.Proxy$KeyFactory::apply (13 bytes)
Event: 7.996 Thread 0x0000000019c21800 nmethod 4007 0x0000000002f7c6d0 code [0x0000000002f7c840, 0x0000000002f7cc28]
Event: 7.996 Thread 0x0000000019c21800 4008       3       java.lang.reflect.Proxy$KeyFactory::apply (66 bytes)
Event: 7.998 Thread 0x0000000019c21800 nmethod 4008 0x0000000002eb64d0 code [0x0000000002eb6700, 0x0000000002eb7188]
Event: 7.998 Thread 0x0000000019c21800 4009       3       java.lang.reflect.Proxy::<init> (15 bytes)
Event: 7.998 Thread 0x0000000019c21800 nmethod 4009 0x000000000314d3d0 code [0x000000000314d540, 0x000000000314d868]

GC Heap History (10 events):
Event: 4.856 GC heap before
{Heap before GC invocations=6 (full 1):
 PSYoungGen      total 75776K, used 64701K [0x00000000d5580000, 0x00000000de980000, 0x0000000100000000)
  eden space 65024K, 99% used [0x00000000d5580000,0x00000000d94af660,0x00000000d9500000)
  from space 10752K, 0% used [0x00000000d9f80000,0x00000000d9f80000,0x00000000daa00000)
  to   space 10752K, 0% used [0x00000000d9500000,0x00000000d9500000,0x00000000d9f80000)
 ParOldGen       total 92672K, used 7225K [0x0000000080000000, 0x0000000085a80000, 0x00000000d5580000)
  object space 92672K, 7% used [0x0000000080000000,0x000000008070e7c8,0x0000000085a80000)
 Metaspace       used 28230K, capacity 28912K, committed 29232K, reserved 1075200K
  class space    used 3893K, capacity 4127K, committed 4144K, reserved 1048576K
Event: 4.864 GC heap after
Heap after GC invocations=6 (full 1):
 PSYoungGen      total 75776K, used 8347K [0x00000000d5580000, 0x00000000dd880000, 0x0000000100000000)
  eden space 65024K, 0% used [0x00000000d5580000,0x00000000d5580000,0x00000000d9500000)
  from space 10752K, 77% used [0x00000000d9500000,0x00000000d9d26c30,0x00000000d9f80000)
  to   space 12288K, 0% used [0x00000000dcc80000,0x00000000dcc80000,0x00000000dd880000)
 ParOldGen       total 92672K, used 7233K [0x0000000080000000, 0x0000000085a80000, 0x00000000d5580000)
  object space 92672K, 7% used [0x0000000080000000,0x00000000807107c8,0x0000000085a80000)
 Metaspace       used 28230K, capacity 28912K, committed 29232K, reserved 1075200K
  class space    used 3893K, capacity 4127K, committed 4144K, reserved 1048576K
}
Event: 5.474 GC heap before
{Heap before GC invocations=7 (full 1):
 PSYoungGen      total 75776K, used 73371K [0x00000000d5580000, 0x00000000dd880000, 0x0000000100000000)
  eden space 65024K, 100% used [0x00000000d5580000,0x00000000d9500000,0x00000000d9500000)
  from space 10752K, 77% used [0x00000000d9500000,0x00000000d9d26c30,0x00000000d9f80000)
  to   space 12288K, 0% used [0x00000000dcc80000,0x00000000dcc80000,0x00000000dd880000)
 ParOldGen       total 92672K, used 7233K [0x0000000080000000, 0x0000000085a80000, 0x00000000d5580000)
  object space 92672K, 7% used [0x0000000080000000,0x00000000807107c8,0x0000000085a80000)
 Metaspace       used 32260K, capacity 32992K, committed 33072K, reserved 1077248K
  class space    used 4406K, capacity 4609K, committed 4656K, reserved 1048576K
Event: 5.486 GC heap after
Heap after GC invocations=7 (full 1):
 PSYoungGen      total 121856K, used 8646K [0x00000000d5580000, 0x00000000dd800000, 0x0000000100000000)
  eden space 110080K, 0% used [0x00000000d5580000,0x00000000d5580000,0x00000000dc100000)
  from space 11776K, 73% used [0x00000000dcc80000,0x00000000dd4f19e0,0x00000000dd800000)
  to   space 11776K, 0% used [0x00000000dc100000,0x00000000dc100000,0x00000000dcc80000)
 ParOldGen       total 92672K, used 7241K [0x0000000080000000, 0x0000000085a80000, 0x00000000d5580000)
  object space 92672K, 7% used [0x0000000080000000,0x00000000807127c8,0x0000000085a80000)
 Metaspace       used 32260K, capacity 32992K, committed 33072K, reserved 1077248K
  class space    used 4406K, capacity 4609K, committed 4656K, reserved 1048576K
}
Event: 6.002 GC heap before
{Heap before GC invocations=8 (full 1):
 PSYoungGen      total 121856K, used 57090K [0x00000000d5580000, 0x00000000dd800000, 0x0000000100000000)
  eden space 110080K, 44% used [0x00000000d5580000,0x00000000d84cef38,0x00000000dc100000)
  from space 11776K, 73% used [0x00000000dcc80000,0x00000000dd4f19e0,0x00000000dd800000)
  to   space 11776K, 0% used [0x00000000dc100000,0x00000000dc100000,0x00000000dcc80000)
 ParOldGen       total 92672K, used 7241K [0x0000000080000000, 0x0000000085a80000, 0x00000000d5580000)
  object space 92672K, 7% used [0x0000000080000000,0x00000000807127c8,0x0000000085a80000)
 Metaspace       used 34597K, capacity 35410K, committed 35496K, reserved 1079296K
  class space    used 4744K, capacity 4972K, committed 5040K, reserved 1048576K
Event: 6.010 GC heap after
Heap after GC invocations=8 (full 1):
 PSYoungGen      total 121856K, used 9091K [0x00000000d5580000, 0x00000000e2100000, 0x0000000100000000)
  eden space 110080K, 0% used [0x00000000d5580000,0x00000000d5580000,0x00000000dc100000)
  from space 11776K, 77% used [0x00000000dc100000,0x00000000dc9e0ff0,0x00000000dcc80000)
  to   space 11776K, 0% used [0x00000000e1580000,0x00000000e1580000,0x00000000e2100000)
 ParOldGen       total 92672K, used 7249K [0x0000000080000000, 0x0000000085a80000, 0x00000000d5580000)
  object space 92672K, 7% used [0x0000000080000000,0x00000000807147c8,0x0000000085a80000)
 Metaspace       used 34597K, capacity 35410K, committed 35496K, reserved 1079296K
  class space    used 4744K, capacity 4972K, committed 5040K, reserved 1048576K
}
Event: 6.010 GC heap before
{Heap before GC invocations=9 (full 2):
 PSYoungGen      total 121856K, used 9091K [0x00000000d5580000, 0x00000000e2100000, 0x0000000100000000)
  eden space 110080K, 0% used [0x00000000d5580000,0x00000000d5580000,0x00000000dc100000)
  from space 11776K, 77% used [0x00000000dc100000,0x00000000dc9e0ff0,0x00000000dcc80000)
  to   space 11776K, 0% used [0x00000000e1580000,0x00000000e1580000,0x00000000e2100000)
 ParOldGen       total 92672K, used 7249K [0x0000000080000000, 0x0000000085a80000, 0x00000000d5580000)
  object space 92672K, 7% used [0x0000000080000000,0x00000000807147c8,0x0000000085a80000)
 Metaspace       used 34597K, capacity 35410K, committed 35496K, reserved 1079296K
  class space    used 4744K, capacity 4972K, committed 5040K, reserved 1048576K
Event: 6.056 GC heap after
Heap after GC invocations=9 (full 2):
 PSYoungGen      total 121856K, used 0K [0x00000000d5580000, 0x00000000e2100000, 0x0000000100000000)
  eden space 110080K, 0% used [0x00000000d5580000,0x00000000d5580000,0x00000000dc100000)
  from space 11776K, 0% used [0x00000000dc100000,0x00000000dc100000,0x00000000dcc80000)
  to   space 11776K, 0% used [0x00000000e1580000,0x00000000e1580000,0x00000000e2100000)
 ParOldGen       total 140800K, used 15605K [0x0000000080000000, 0x0000000088980000, 0x00000000d5580000)
  object space 140800K, 11% used [0x0000000080000000,0x0000000080f3d408,0x0000000088980000)
 Metaspace       used 34597K, capacity 35410K, committed 35496K, reserved 1079296K
  class space    used 4744K, capacity 4972K, committed 5040K, reserved 1048576K
}
Event: 7.863 GC heap before
{Heap before GC invocations=10 (full 2):
 PSYoungGen      total 121856K, used 110080K [0x00000000d5580000, 0x00000000e2100000, 0x0000000100000000)
  eden space 110080K, 100% used [0x00000000d5580000,0x00000000dc100000,0x00000000dc100000)
  from space 11776K, 0% used [0x00000000dc100000,0x00000000dc100000,0x00000000dcc80000)
  to   space 11776K, 0% used [0x00000000e1580000,0x00000000e1580000,0x00000000e2100000)
 ParOldGen       total 140800K, used 15605K [0x0000000080000000, 0x0000000088980000, 0x00000000d5580000)
  object space 140800K, 11% used [0x0000000080000000,0x0000000080f3d408,0x0000000088980000)
 Metaspace       used 44503K, capacity 46010K, committed 46120K, reserved 1089536K
  class space    used 6030K, capacity 6409K, committed 6448K, reserved 1048576K
Event: 7.879 GC heap after
Heap after GC invocations=10 (full 2):
 PSYoungGen      total 176640K, used 11773K [0x00000000d5580000, 0x00000000e2100000, 0x0000000100000000)
  eden space 164864K, 0% used [0x00000000d5580000,0x00000000d5580000,0x00000000df680000)
  from space 11776K, 99% used [0x00000000e1580000,0x00000000e20ff478,0x00000000e2100000)
  to   space 13824K, 0% used [0x00000000e0600000,0x00000000e0600000,0x00000000e1380000)
 ParOldGen       total 140800K, used 18504K [0x0000000080000000, 0x0000000088980000, 0x00000000d5580000)
  object space 140800K, 13% used [0x0000000080000000,0x0000000081212348,0x0000000088980000)
 Metaspace       used 44503K, capacity 46010K, committed 46120K, reserved 1089536K
  class space    used 6030K, capacity 6409K, committed 6448K, reserved 1048576K
}

Deoptimization events (10 events):
Event: 7.840 Thread 0x000000001c8c1000 Uncommon trap: reason=unstable_if action=reinterpret pc=0x000000000331686c method=java.security.CodeSource.getCertificates()[Ljava/security/cert/Certificate; @ 22
Event: 7.841 Thread 0x000000001c8c1000 Uncommon trap: reason=unstable_if action=reinterpret pc=0x00000000037bd9a8 method=java.util.jar.JarFile.maybeInstantiateVerifier()V @ 4
Event: 7.841 Thread 0x000000001c8c1000 Uncommon trap: reason=unstable_if action=reinterpret pc=0x00000000039548ac method=java.util.jar.JarFile.maybeInstantiateVerifier()V @ 4
Event: 7.843 Thread 0x000000001c8c1000 Uncommon trap: reason=unstable_if action=reinterpret pc=0x00000000032b36b0 method=java.util.jar.JarFile.maybeInstantiateVerifier()V @ 4
Event: 7.843 Thread 0x000000001c8c1000 Uncommon trap: reason=unstable_if action=reinterpret pc=0x00000000037f493c method=java.security.CodeSource.matchCerts(Ljava/security/CodeSource;Z)Z @ 11
Event: 7.843 Thread 0x000000001c8c1000 Uncommon trap: reason=unstable_if action=reinterpret pc=0x0000000003a42110 method=java.security.CodeSource.getCertificates()[Ljava/security/cert/Certificate; @ 4
Event: 7.843 Thread 0x000000001c8c1000 Uncommon trap: reason=unstable_if action=reinterpret pc=0x0000000003a42110 method=java.security.CodeSource.getCertificates()[Ljava/security/cert/Certificate; @ 4
Event: 7.906 Thread 0x000000001c8c1000 Uncommon trap: reason=unstable_if action=reinterpret pc=0x00000000038ae624 method=java.util.LinkedHashMap.get(Ljava/lang/Object;)Ljava/lang/Object; @ 20
Event: 7.948 Thread 0x000000001c8c1000 Uncommon trap: reason=unstable_if action=reinterpret pc=0x0000000003a29c28 method=java.security.CodeSource.getCertificates()[Ljava/security/cert/Certificate; @ 4
Event: 7.948 Thread 0x000000001c8c1000 Uncommon trap: reason=unstable_if action=reinterpret pc=0x0000000003a29c28 method=java.security.CodeSource.getCertificates()[Ljava/security/cert/Certificate; @ 4

Classes redefined (0 events):
No events

Internal exceptions (10 events):
Event: 6.698 Thread 0x000000001c857000 Exception <a 'java/lang/NoSuchMethodError': <clinit>> (0x00000000d5771178) thrown at [C:\src\AOSP-openjdk-git\hotspot\src\share\vm\prims\jni.cpp, line 1615]
Event: 6.698 Thread 0x000000001c857000 Exception <a 'java/lang/NoSuchMethodError': <clinit>> (0x00000000d57726a0) thrown at [C:\src\AOSP-openjdk-git\hotspot\src\share\vm\prims\jni.cpp, line 1615]
Event: 6.699 Thread 0x000000001c857000 Exception <a 'java/lang/NoSuchMethodError': <clinit>> (0x00000000d577c910) thrown at [C:\src\AOSP-openjdk-git\hotspot\src\share\vm\prims\jni.cpp, line 1615]
Event: 6.701 Thread 0x000000001c857000 Exception <a 'java/lang/NoSuchMethodError': <clinit>> (0x00000000d5787830) thrown at [C:\src\AOSP-openjdk-git\hotspot\src\share\vm\prims\jni.cpp, line 1615]
Event: 6.704 Thread 0x000000001c857000 Exception <a 'java/lang/NoSuchMethodError': <clinit>> (0x00000000d579ac38) thrown at [C:\src\AOSP-openjdk-git\hotspot\src\share\vm\prims\jni.cpp, line 1615]
Event: 6.725 Thread 0x000000001c8c1000 Exception <a 'java/lang/ClassNotFoundException': build_cf5ok14qnzpn5xtx2tqf453a5BeanInfo> (0x00000000d7dab3c0) thrown at [C:\src\AOSP-openjdk-git\hotspot\src\share\vm\classfile\systemDictionary.cpp, line 210]
Event: 6.726 Thread 0x000000001c8c1000 Exception <a 'java/lang/ClassNotFoundException': build_cf5ok14qnzpn5xtx2tqf453a5Customizer> (0x00000000d7db8520) thrown at [C:\src\AOSP-openjdk-git\hotspot\src\share\vm\classfile\systemDictionary.cpp, line 210]
Event: 6.734 Thread 0x000000001c8c1000 Exception <a 'java/lang/ClassNotFoundException': org/gradle/api/internal/plugins/DefaultObjectConfigurationActionBeanInfo> (0x00000000d7e331e0) thrown at [C:\src\AOSP-openjdk-git\hotspot\src\share\vm\classfile\systemDictionary.cpp, line 210]
Event: 6.735 Thread 0x000000001c8c1000 Exception <a 'java/lang/ClassNotFoundException': org/gradle/api/internal/plugins/DefaultObjectConfigurationActionCustomizer> (0x00000000d7e783b0) thrown at [C:\src\AOSP-openjdk-git\hotspot\src\share\vm\classfile\systemDictionary.cpp, line 210]
Event: 7.704 Thread 0x000000001c8c1000 Implicit null exception at 0x00000000039633a8 to 0x00000000039638cd

Events (10 events):
Event: 7.983 loading class com/android/build/gradle/internal/dsl/CoreExternalNativeNdkBuildOptions
Event: 7.983 loading class com/android/build/gradle/internal/dsl/CoreExternalNativeNdkBuildOptions done
Event: 7.983 loading class com/android/build/gradle/internal/dsl/CoreExternalNativeCmakeOptions
Event: 7.983 loading class com/android/build/gradle/internal/dsl/CoreExternalNativeCmakeOptions done
Event: 7.984 loading class com/android/build/gradle/internal/dsl/ExternalNativeCmakeOptions
Event: 7.984 loading class com/android/build/gradle/internal/dsl/ExternalNativeCmakeOptions done
Event: 7.985 loading class com/android/build/gradle/internal/dsl/ExternalNativeNdkBuildOptions
Event: 7.985 loading class com/android/build/gradle/internal/dsl/ExternalNativeNdkBuildOptions done
Event: 7.997 loading class com/google/common/collect/Sets
Event: 7.997 loading class com/google/common/collect/Sets done


Dynamic libraries:
0x00007ff62f440000 - 0x00007ff62f471000 	C:\Program Files\Android\Android Studio\jre\bin\java.exe
0x00007ff98b700000 - 0x00007ff98b8f0000 	C:\Windows\SYSTEM32\ntdll.dll
0x00007ff968a50000 - 0x00007ff968a62000 	C:\Program Files\Avast Software\Avast\aswhook.dll
0x00007ff9897b0000 - 0x00007ff989862000 	C:\Windows\System32\KERNEL32.DLL
0x00007ff9888e0000 - 0x00007ff988b85000 	C:\Windows\System32\KERNELBASE.dll
0x00007ff98ab50000 - 0x00007ff98abf3000 	C:\Windows\System32\ADVAPI32.dll
0x00007ff98b620000 - 0x00007ff98b6be000 	C:\Windows\System32\msvcrt.dll
0x00007ff989d70000 - 0x00007ff989e07000 	C:\Windows\System32\sechost.dll
0x00007ff989990000 - 0x00007ff989ab0000 	C:\Windows\System32\RPCRT4.dll
0x00007ff98a9b0000 - 0x00007ff98ab45000 	C:\Windows\System32\USER32.dll
0x00007ff989510000 - 0x00007ff989531000 	C:\Windows\System32\win32u.dll
0x00007ff98a900000 - 0x00007ff98a926000 	C:\Windows\System32\GDI32.dll
0x00007ff9895c0000 - 0x00007ff989756000 	C:\Windows\System32\gdi32full.dll
0x00007ff988690000 - 0x00007ff98872e000 	C:\Windows\System32\msvcp_win.dll
0x00007ff988730000 - 0x00007ff98882a000 	C:\Windows\System32\ucrtbase.dll
0x00007ff974550000 - 0x00007ff9747d4000 	C:\Windows\WinSxS\amd64_microsoft.windows.common-controls_6595b64144ccf1df_6.0.18362.1082_none_9e8193e1e45b25c1\COMCTL32.dll
0x00007ff98a5c0000 - 0x00007ff98a8f5000 	C:\Windows\System32\combase.dll
0x00007ff989540000 - 0x00007ff9895c0000 	C:\Windows\System32\bcryptPrimitives.dll
0x00007ff98a120000 - 0x00007ff98a14e000 	C:\Windows\System32\IMM32.DLL
0x0000000069310000 - 0x00000000693e2000 	C:\Program Files\Android\Android Studio\jre\jre\bin\msvcr100.dll
0x0000000068530000 - 0x0000000068d7b000 	C:\Program Files\Android\Android Studio\jre\jre\bin\server\jvm.dll
0x00007ff98a0a0000 - 0x00007ff98a0a8000 	C:\Windows\System32\PSAPI.DLL
0x00007ff9778a0000 - 0x00007ff9778a9000 	C:\Windows\SYSTEM32\WSOCK32.dll
0x00007ff98a0b0000 - 0x00007ff98a11f000 	C:\Windows\System32\WS2_32.dll
0x00007ff985e80000 - 0x00007ff985ea4000 	C:\Windows\SYSTEM32\WINMM.dll
0x00007ff97b080000 - 0x00007ff97b08a000 	C:\Windows\SYSTEM32\VERSION.dll
0x00007ff985e50000 - 0x00007ff985e7d000 	C:\Windows\SYSTEM32\WINMMBASE.dll
0x00007ff989760000 - 0x00007ff9897aa000 	C:\Windows\System32\cfgmgr32.dll
0x00007ff97b600000 - 0x00007ff97b60f000 	C:\Program Files\Android\Android Studio\jre\jre\bin\verify.dll
0x00007ff96b120000 - 0x00007ff96b149000 	C:\Program Files\Android\Android Studio\jre\jre\bin\java.dll
0x00007ff97a420000 - 0x00007ff97a436000 	C:\Program Files\Android\Android Studio\jre\jre\bin\zip.dll
0x00007ff98ad20000 - 0x00007ff98b407000 	C:\Windows\System32\SHELL32.dll
0x00007ff989ab0000 - 0x00007ff989b59000 	C:\Windows\System32\shcore.dll
0x00007ff988ce0000 - 0x00007ff989460000 	C:\Windows\System32\windows.storage.dll
0x00007ff9885d0000 - 0x00007ff9885f3000 	C:\Windows\System32\profapi.dll
0x00007ff988640000 - 0x00007ff98868a000 	C:\Windows\System32\powrprof.dll
0x00007ff9885c0000 - 0x00007ff9885d0000 	C:\Windows\System32\UMPDC.dll
0x00007ff989d10000 - 0x00007ff989d62000 	C:\Windows\System32\shlwapi.dll
0x00007ff988600000 - 0x00007ff988611000 	C:\Windows\System32\kernel.appcore.dll
0x00007ff989460000 - 0x00007ff989477000 	C:\Windows\System32\cryptsp.dll
0x00007ff978c50000 - 0x00007ff978c6a000 	C:\Program Files\Android\Android Studio\jre\jre\bin\net.dll
0x00007ff987e10000 - 0x00007ff987e77000 	C:\Windows\system32\mswsock.dll
0x00007ff9757e0000 - 0x00007ff9757f3000 	C:\Program Files\Android\Android Studio\jre\jre\bin\nio.dll
0x00007ff95ce90000 - 0x00007ff95ceb6000 	C:\Users\ok\.gradle\native\31\windows-amd64\native-platform.dll
0x00007ff97b5f0000 - 0x00007ff97b5fd000 	C:\Program Files\Android\Android Studio\jre\jre\bin\management.dll
0x00007ff987980000 - 0x00007ff9879b3000 	C:\Windows\system32\rsaenh.dll
0x00007ff989480000 - 0x00007ff9894a6000 	C:\Windows\System32\bcrypt.dll
0x00007ff9884e0000 - 0x00007ff988505000 	C:\Windows\SYSTEM32\USERENV.dll
0x00007ff987fe0000 - 0x00007ff987fec000 	C:\Windows\SYSTEM32\CRYPTBASE.dll
0x00007ff987b20000 - 0x00007ff987b5a000 	C:\Windows\SYSTEM32\IPHLPAPI.DLL
0x00007ff98ad10000 - 0x00007ff98ad18000 	C:\Windows\System32\NSI.dll
0x00007ff97b360000 - 0x00007ff97b376000 	C:\Windows\SYSTEM32\dhcpcsvc6.DLL
0x00007ff97b3d0000 - 0x00007ff97b3ec000 	C:\Windows\SYSTEM32\dhcpcsvc.DLL
0x00007ff987b60000 - 0x00007ff987c2b000 	C:\Windows\SYSTEM32\DNSAPI.dll

VM Arguments:
jvm_args: -Xmx2048m -Dfile.encoding=windows-1252 -Duser.country=US -Duser.language=en -Duser.variant 
java_command: org.gradle.launcher.daemon.bootstrap.GradleDaemon 6.1.1
java_class_path (initial): C:\Users\ok\.gradle\wrapper\dists\gradle-6.1.1-all\cfmwm155h49vnt3hynmlrsdst\gradle-6.1.1\lib\gradle-launcher-6.1.1.jar
Launcher Type: SUN_STANDARD

Environment Variables:
PATH=C:\Program Files (x86)\Common Files\Oracle\Java\javapath;C:\Windows\system32;C:\Windows;C:\Windows\System32\Wbem;C:\Windows\System32\WindowsPowerShell\v1.0\;C:\Windows\System32\OpenSSH\;C:\Program Files\nodejs\;C:\Program Files\Git\cmd;C:\Users\ok\AppData\Local\Microsoft\WindowsApps;;C:\Program Files\JetBrains\PhpStorm 2020.2.2\bin;;C:\Users\ok\AppData\Roaming\npm
USERNAME=ok
OS=Windows_NT
PROCESSOR_IDENTIFIER=Intel64 Family 6 Model 142 Stepping 10, GenuineIntel



---------------  S Y S T E M  ---------------

OS: Windows 10.0 , 64 bit Build 18362 (10.0.18362.1082)

CPU:total 8 (initial active 8) (4 cores per cpu, 2 threads per core) family 6 model 142 stepping 10, cmov, cx8, fxsr, mmx, sse, sse2, sse3, ssse3, sse4.1, sse4.2, popcnt, avx, avx2, aes, clmul, erms, 3dnowpref, lzcnt, ht, tsc, tscinvbit, bmi1, bmi2, adx

Memory: 4k page, physical 16632856k(1925664k free), swap 42232852k(2224k free)

vm_info: OpenJDK 64-Bit Server VM (25.242-b01) for windows-amd64 JRE (1.8.0_242-release-1644-b01), built by "builder" with MS VC++ 10.0 (VS2010)

time: Mon Oct 26 17:57:24 2020
timezone: Central European Standard Time
elapsed time: 8 seconds (0d 0h 0m 8s)

